{"/home/apoorv/Documents/Voice_Hire/server/aiAgent.js": {"path":"/home/apoorv/Documents/Voice_Hire/server/aiAgent.js","statementMap":{"0":{"start":{"line":4,"column":15},"end":{"line":4,"column":42}},"1":{"start":{"line":5,"column":18},"end":{"line":5,"column":48}},"2":{"start":{"line":13,"column":4},"end":{"line":13,"column":32}},"3":{"start":{"line":14,"column":4},"end":{"line":14,"column":26}},"4":{"start":{"line":15,"column":21},"end":{"line":15,"column":35}},"5":{"start":{"line":17,"column":15},"end":{"line":19,"column":6}},"6":{"start":{"line":21,"column":4},"end":{"line":21,"column":52}},"7":{"start":{"line":23,"column":18},"end":{"line":23,"column":34}},"8":{"start":{"line":24,"column":4},"end":{"line":24,"column":39}},"9":{"start":{"line":25,"column":17},"end":{"line":28,"column":5}},"10":{"start":{"line":29,"column":4},"end":{"line":29,"column":26}}},"fnMap":{"0":{"name":"createAccessToken","decl":{"start":{"line":11,"column":15},"end":{"line":11,"column":32}},"loc":{"start":{"line":11,"column":42},"end":{"line":30,"column":1}},"line":11}},"branchMap":{},"s":{"0":2,"1":2,"2":3,"3":3,"4":3,"5":3,"6":3,"7":3,"8":3,"9":3,"10":3},"f":{"0":3},"b":{},"inputSourceMap":null,"_coverageSchema":"1a1c01bbd47fc00a2c39e90264f33305004495a9","hash":"2c63fcb6909a9fc43ff73256607e57c576ac7b05"}
,"/home/apoorv/Documents/Voice_Hire/server/config/db.js": {"path":"/home/apoorv/Documents/Voice_Hire/server/config/db.js","statementMap":{"0":{"start":{"line":3,"column":18},"end":{"line":19,"column":1}},"1":{"start":{"line":4,"column":2},"end":{"line":18,"column":3}},"2":{"start":{"line":6,"column":21},"end":{"line":6,"column":126}},"3":{"start":{"line":8,"column":4},"end":{"line":10,"column":5}},"4":{"start":{"line":9,"column":6},"end":{"line":9,"column":52}},"5":{"start":{"line":12,"column":17},"end":{"line":12,"column":49}},"6":{"start":{"line":13,"column":4},"end":{"line":13,"column":62}},"7":{"start":{"line":14,"column":4},"end":{"line":14,"column":16}},"8":{"start":{"line":16,"column":4},"end":{"line":16,"column":45}},"9":{"start":{"line":17,"column":4},"end":{"line":17,"column":20}}},"fnMap":{"0":{"name":"(anonymous_0)","decl":{"start":{"line":3,"column":18},"end":{"line":3,"column":19}},"loc":{"start":{"line":3,"column":30},"end":{"line":19,"column":1}},"line":3}},"branchMap":{"0":{"loc":{"start":{"line":6,"column":21},"end":{"line":6,"column":126}},"type":"binary-expr","locations":[{"start":{"line":6,"column":21},"end":{"line":6,"column":44}},{"start":{"line":6,"column":48},"end":{"line":6,"column":126}}],"line":6},"1":{"loc":{"start":{"line":8,"column":4},"end":{"line":10,"column":5}},"type":"if","locations":[{"start":{"line":8,"column":4},"end":{"line":10,"column":5}},{"start":{},"end":{}}],"line":8}},"s":{"0":1,"1":1,"2":1,"3":1,"4":0,"5":1,"6":1,"7":1,"8":0,"9":0},"f":{"0":1},"b":{"0":[1,1],"1":[0,1]},"inputSourceMap":null,"_coverageSchema":"1a1c01bbd47fc00a2c39e90264f33305004495a9","hash":"145d578477c81b2dea95cb5b35b0313a59860327"}
,"/home/apoorv/Documents/Voice_Hire/server/controllers/interviewController.js": {"path":"/home/apoorv/Documents/Voice_Hire/server/controllers/interviewController.js","statementMap":{"0":{"start":{"line":4,"column":29},"end":{"line":12,"column":1}},"1":{"start":{"line":5,"column":2},"end":{"line":11,"column":3}},"2":{"start":{"line":6,"column":23},"end":{"line":7,"column":34}},"3":{"start":{"line":8,"column":4},"end":{"line":8,"column":25}},"4":{"start":{"line":10,"column":4},"end":{"line":10,"column":53}},"5":{"start":{"line":15,"column":28},"end":{"line":30,"column":1}},"6":{"start":{"line":16,"column":2},"end":{"line":29,"column":3}},"7":{"start":{"line":17,"column":22},"end":{"line":20,"column":6}},"8":{"start":{"line":22,"column":4},"end":{"line":24,"column":5}},"9":{"start":{"line":23,"column":6},"end":{"line":23,"column":70}},"10":{"start":{"line":26,"column":4},"end":{"line":26,"column":24}},"11":{"start":{"line":28,"column":4},"end":{"line":28,"column":53}},"12":{"start":{"line":33,"column":31},"end":{"line":50,"column":1}},"13":{"start":{"line":34,"column":2},"end":{"line":49,"column":3}},"14":{"start":{"line":35,"column":70},"end":{"line":35,"column":78}},"15":{"start":{"line":37,"column":22},"end":{"line":43,"column":6}},"16":{"start":{"line":45,"column":27},"end":{"line":45,"column":49}},"17":{"start":{"line":46,"column":4},"end":{"line":46,"column":41}},"18":{"start":{"line":48,"column":4},"end":{"line":48,"column":53}},"19":{"start":{"line":53,"column":31},"end":{"line":78,"column":1}},"20":{"start":{"line":54,"column":2},"end":{"line":77,"column":3}},"21":{"start":{"line":55,"column":78},"end":{"line":55,"column":86}},"22":{"start":{"line":57,"column":22},"end":{"line":60,"column":6}},"23":{"start":{"line":62,"column":4},"end":{"line":64,"column":5}},"24":{"start":{"line":63,"column":6},"end":{"line":63,"column":70}},"25":{"start":{"line":67,"column":4},"end":{"line":67,"column":63}},"26":{"start":{"line":67,"column":23},"end":{"line":67,"column":63}},"27":{"start":{"line":68,"column":4},"end":{"line":68,"column":66}},"28":{"start":{"line":68,"column":24},"end":{"line":68,"column":66}},"29":{"start":{"line":69,"column":4},"end":{"line":69,"column":45}},"30":{"start":{"line":69,"column":17},"end":{"line":69,"column":45}},"31":{"start":{"line":70,"column":4},"end":{"line":70,"column":63}},"32":{"start":{"line":70,"column":23},"end":{"line":70,"column":63}},"33":{"start":{"line":71,"column":4},"end":{"line":71,"column":42}},"34":{"start":{"line":71,"column":16},"end":{"line":71,"column":42}},"35":{"start":{"line":73,"column":29},"end":{"line":73,"column":51}},"36":{"start":{"line":74,"column":4},"end":{"line":74,"column":31}},"37":{"start":{"line":76,"column":4},"end":{"line":76,"column":53}},"38":{"start":{"line":81,"column":28},"end":{"line":103,"column":1}},"39":{"start":{"line":82,"column":2},"end":{"line":102,"column":3}},"40":{"start":{"line":83,"column":23},"end":{"line":83,"column":31}},"41":{"start":{"line":85,"column":4},"end":{"line":87,"column":5}},"42":{"start":{"line":86,"column":6},"end":{"line":86,"column":65}},"43":{"start":{"line":89,"column":22},"end":{"line":93,"column":5}},"44":{"start":{"line":95,"column":4},"end":{"line":97,"column":5}},"45":{"start":{"line":96,"column":6},"end":{"line":96,"column":70}},"46":{"start":{"line":99,"column":4},"end":{"line":99,"column":24}},"47":{"start":{"line":101,"column":4},"end":{"line":101,"column":53}},"48":{"start":{"line":106,"column":31},"end":{"line":121,"column":1}},"49":{"start":{"line":107,"column":2},"end":{"line":120,"column":3}},"50":{"start":{"line":108,"column":22},"end":{"line":111,"column":6}},"51":{"start":{"line":113,"column":4},"end":{"line":115,"column":5}},"52":{"start":{"line":114,"column":6},"end":{"line":114,"column":70}},"53":{"start":{"line":117,"column":4},"end":{"line":117,"column":60}},"54":{"start":{"line":119,"column":4},"end":{"line":119,"column":53}}},"fnMap":{"0":{"name":"(anonymous_0)","decl":{"start":{"line":4,"column":29},"end":{"line":4,"column":30}},"loc":{"start":{"line":4,"column":49},"end":{"line":12,"column":1}},"line":4},"1":{"name":"(anonymous_1)","decl":{"start":{"line":15,"column":28},"end":{"line":15,"column":29}},"loc":{"start":{"line":15,"column":48},"end":{"line":30,"column":1}},"line":15},"2":{"name":"(anonymous_2)","decl":{"start":{"line":33,"column":31},"end":{"line":33,"column":32}},"loc":{"start":{"line":33,"column":51},"end":{"line":50,"column":1}},"line":33},"3":{"name":"(anonymous_3)","decl":{"start":{"line":53,"column":31},"end":{"line":53,"column":32}},"loc":{"start":{"line":53,"column":51},"end":{"line":78,"column":1}},"line":53},"4":{"name":"(anonymous_4)","decl":{"start":{"line":81,"column":28},"end":{"line":81,"column":29}},"loc":{"start":{"line":81,"column":48},"end":{"line":103,"column":1}},"line":81},"5":{"name":"(anonymous_5)","decl":{"start":{"line":106,"column":31},"end":{"line":106,"column":32}},"loc":{"start":{"line":106,"column":51},"end":{"line":121,"column":1}},"line":106}},"branchMap":{"0":{"loc":{"start":{"line":22,"column":4},"end":{"line":24,"column":5}},"type":"if","locations":[{"start":{"line":22,"column":4},"end":{"line":24,"column":5}},{"start":{},"end":{}}],"line":22},"1":{"loc":{"start":{"line":62,"column":4},"end":{"line":64,"column":5}},"type":"if","locations":[{"start":{"line":62,"column":4},"end":{"line":64,"column":5}},{"start":{},"end":{}}],"line":62},"2":{"loc":{"start":{"line":67,"column":4},"end":{"line":67,"column":63}},"type":"if","locations":[{"start":{"line":67,"column":4},"end":{"line":67,"column":63}},{"start":{},"end":{}}],"line":67},"3":{"loc":{"start":{"line":68,"column":4},"end":{"line":68,"column":66}},"type":"if","locations":[{"start":{"line":68,"column":4},"end":{"line":68,"column":66}},{"start":{},"end":{}}],"line":68},"4":{"loc":{"start":{"line":69,"column":4},"end":{"line":69,"column":45}},"type":"if","locations":[{"start":{"line":69,"column":4},"end":{"line":69,"column":45}},{"start":{},"end":{}}],"line":69},"5":{"loc":{"start":{"line":70,"column":4},"end":{"line":70,"column":63}},"type":"if","locations":[{"start":{"line":70,"column":4},"end":{"line":70,"column":63}},{"start":{},"end":{}}],"line":70},"6":{"loc":{"start":{"line":71,"column":4},"end":{"line":71,"column":42}},"type":"if","locations":[{"start":{"line":71,"column":4},"end":{"line":71,"column":42}},{"start":{},"end":{}}],"line":71},"7":{"loc":{"start":{"line":85,"column":4},"end":{"line":87,"column":5}},"type":"if","locations":[{"start":{"line":85,"column":4},"end":{"line":87,"column":5}},{"start":{},"end":{}}],"line":85},"8":{"loc":{"start":{"line":95,"column":4},"end":{"line":97,"column":5}},"type":"if","locations":[{"start":{"line":95,"column":4},"end":{"line":97,"column":5}},{"start":{},"end":{}}],"line":95},"9":{"loc":{"start":{"line":113,"column":4},"end":{"line":115,"column":5}},"type":"if","locations":[{"start":{"line":113,"column":4},"end":{"line":115,"column":5}},{"start":{},"end":{}}],"line":113}},"s":{"0":1,"1":1,"2":1,"3":1,"4":0,"5":1,"6":3,"7":3,"8":3,"9":2,"10":1,"11":0,"12":1,"13":2,"14":2,"15":2,"16":2,"17":1,"18":1,"19":1,"20":2,"21":2,"22":2,"23":2,"24":1,"25":1,"26":1,"27":1,"28":0,"29":1,"30":1,"31":1,"32":0,"33":1,"34":0,"35":1,"36":1,"37":0,"38":1,"39":2,"40":2,"41":2,"42":1,"43":1,"44":1,"45":0,"46":1,"47":0,"48":1,"49":3,"50":3,"51":3,"52":2,"53":1,"54":0},"f":{"0":1,"1":3,"2":2,"3":2,"4":2,"5":3},"b":{"0":[2,1],"1":[1,1],"2":[1,0],"3":[0,1],"4":[1,0],"5":[0,1],"6":[0,1],"7":[1,1],"8":[0,1],"9":[2,1]},"inputSourceMap":null,"_coverageSchema":"1a1c01bbd47fc00a2c39e90264f33305004495a9","hash":"db8949c60d2ba25c28552600fd4c948785c3cb60"}
,"/home/apoorv/Documents/Voice_Hire/server/middleware/auth.js": {"path":"/home/apoorv/Documents/Voice_Hire/server/middleware/auth.js","statementMap":{"0":{"start":{"line":3,"column":13},"end":{"line":21,"column":1}},"1":{"start":{"line":4,"column":2},"end":{"line":20,"column":3}},"2":{"start":{"line":6,"column":18},"end":{"line":6,"column":58}},"3":{"start":{"line":8,"column":4},"end":{"line":10,"column":5}},"4":{"start":{"line":9,"column":6},"end":{"line":9,"column":81}},"5":{"start":{"line":13,"column":20},"end":{"line":13,"column":87}},"6":{"start":{"line":16,"column":4},"end":{"line":16,"column":23}},"7":{"start":{"line":17,"column":4},"end":{"line":17,"column":11}},"8":{"start":{"line":19,"column":4},"end":{"line":19,"column":60}}},"fnMap":{"0":{"name":"(anonymous_0)","decl":{"start":{"line":3,"column":13},"end":{"line":3,"column":14}},"loc":{"start":{"line":3,"column":33},"end":{"line":21,"column":1}},"line":3}},"branchMap":{"0":{"loc":{"start":{"line":8,"column":4},"end":{"line":10,"column":5}},"type":"if","locations":[{"start":{"line":8,"column":4},"end":{"line":10,"column":5}},{"start":{},"end":{}}],"line":8},"1":{"loc":{"start":{"line":13,"column":38},"end":{"line":13,"column":86}},"type":"binary-expr","locations":[{"start":{"line":13,"column":38},"end":{"line":13,"column":60}},{"start":{"line":13,"column":64},"end":{"line":13,"column":86}}],"line":13}},"s":{"0":3,"1":19,"2":19,"3":19,"4":4,"5":15,"6":14,"7":14,"8":1},"f":{"0":19},"b":{"0":[4,15],"1":[15,0]},"inputSourceMap":null,"_coverageSchema":"1a1c01bbd47fc00a2c39e90264f33305004495a9","hash":"2f101363f2e07114969a07da4a53edd0a041caf8"}
,"/home/apoorv/Documents/Voice_Hire/server/models/Interview.js": {"path":"/home/apoorv/Documents/Voice_Hire/server/models/Interview.js","statementMap":{"0":{"start":{"line":3,"column":24},"end":{"line":42,"column":2}},"1":{"start":{"line":44,"column":18},"end":{"line":44,"column":62}}},"fnMap":{},"branchMap":{},"s":{"0":2,"1":2},"f":{},"b":{},"inputSourceMap":null,"_coverageSchema":"1a1c01bbd47fc00a2c39e90264f33305004495a9","hash":"a99b1b864a5afee7b9ba684d55e168e45ef41417"}
,"/home/apoorv/Documents/Voice_Hire/server/models/User.js": {"path":"/home/apoorv/Documents/Voice_Hire/server/models/User.js","statementMap":{"0":{"start":{"line":4,"column":19},"end":{"line":26,"column":2}},"1":{"start":{"line":29,"column":0},"end":{"line":39,"column":3}},"2":{"start":{"line":30,"column":2},"end":{"line":30,"column":50}},"3":{"start":{"line":30,"column":36},"end":{"line":30,"column":50}},"4":{"start":{"line":32,"column":2},"end":{"line":38,"column":3}},"5":{"start":{"line":33,"column":17},"end":{"line":33,"column":41}},"6":{"start":{"line":34,"column":4},"end":{"line":34,"column":59}},"7":{"start":{"line":35,"column":4},"end":{"line":35,"column":11}},"8":{"start":{"line":37,"column":4},"end":{"line":37,"column":16}},"9":{"start":{"line":42,"column":0},"end":{"line":44,"column":2}},"10":{"start":{"line":43,"column":2},"end":{"line":43,"column":64}},"11":{"start":{"line":46,"column":13},"end":{"line":46,"column":47}}},"fnMap":{"0":{"name":"(anonymous_0)","decl":{"start":{"line":29,"column":23},"end":{"line":29,"column":24}},"loc":{"start":{"line":29,"column":44},"end":{"line":39,"column":1}},"line":29},"1":{"name":"(anonymous_1)","decl":{"start":{"line":42,"column":37},"end":{"line":42,"column":38}},"loc":{"start":{"line":42,"column":71},"end":{"line":44,"column":1}},"line":42}},"branchMap":{"0":{"loc":{"start":{"line":30,"column":2},"end":{"line":30,"column":50}},"type":"if","locations":[{"start":{"line":30,"column":2},"end":{"line":30,"column":50}},{"start":{},"end":{}}],"line":30}},"s":{"0":3,"1":3,"2":31,"3":0,"4":31,"5":31,"6":31,"7":31,"8":0,"9":3,"10":4,"11":3},"f":{"0":31,"1":4},"b":{"0":[0,31]},"inputSourceMap":null,"_coverageSchema":"1a1c01bbd47fc00a2c39e90264f33305004495a9","hash":"9c2e79bd816ac123849032071c6ddbe509297a50"}
,"/home/apoorv/Documents/Voice_Hire/server/routes/auth.js": {"path":"/home/apoorv/Documents/Voice_Hire/server/routes/auth.js","statementMap":{"0":{"start":{"line":7,"column":15},"end":{"line":7,"column":31}},"1":{"start":{"line":10,"column":0},"end":{"line":49,"column":3}},"2":{"start":{"line":11,"column":2},"end":{"line":48,"column":3}},"3":{"start":{"line":12,"column":38},"end":{"line":12,"column":46}},"4":{"start":{"line":15,"column":15},"end":{"line":15,"column":44}},"5":{"start":{"line":16,"column":4},"end":{"line":18,"column":5}},"6":{"start":{"line":17,"column":6},"end":{"line":17,"column":70}},"7":{"start":{"line":21,"column":4},"end":{"line":25,"column":7}},"8":{"start":{"line":28,"column":4},"end":{"line":28,"column":22}},"9":{"start":{"line":31,"column":18},"end":{"line":35,"column":5}},"10":{"start":{"line":37,"column":4},"end":{"line":44,"column":7}},"11":{"start":{"line":46,"column":4},"end":{"line":46,"column":48}},"12":{"start":{"line":47,"column":4},"end":{"line":47,"column":54}},"13":{"start":{"line":52,"column":0},"end":{"line":118,"column":3}},"14":{"start":{"line":53,"column":2},"end":{"line":117,"column":3}},"15":{"start":{"line":54,"column":32},"end":{"line":54,"column":40}},"16":{"start":{"line":57,"column":4},"end":{"line":85,"column":5}},"17":{"start":{"line":59,"column":21},"end":{"line":59,"column":72}},"18":{"start":{"line":61,"column":6},"end":{"line":68,"column":7}},"19":{"start":{"line":62,"column":8},"end":{"line":66,"column":11}},"20":{"start":{"line":67,"column":8},"end":{"line":67,"column":30}},"21":{"start":{"line":71,"column":20},"end":{"line":75,"column":7}},"22":{"start":{"line":77,"column":6},"end":{"line":84,"column":9}},"23":{"start":{"line":88,"column":17},"end":{"line":88,"column":46}},"24":{"start":{"line":89,"column":4},"end":{"line":91,"column":5}},"25":{"start":{"line":90,"column":6},"end":{"line":90,"column":70}},"26":{"start":{"line":94,"column":20},"end":{"line":94,"column":56}},"27":{"start":{"line":95,"column":4},"end":{"line":97,"column":5}},"28":{"start":{"line":96,"column":6},"end":{"line":96,"column":70}},"29":{"start":{"line":100,"column":18},"end":{"line":104,"column":5}},"30":{"start":{"line":106,"column":4},"end":{"line":113,"column":7}},"31":{"start":{"line":115,"column":4},"end":{"line":115,"column":41}},"32":{"start":{"line":116,"column":4},"end":{"line":116,"column":54}},"33":{"start":{"line":121,"column":0},"end":{"line":131,"column":3}},"34":{"start":{"line":122,"column":2},"end":{"line":130,"column":3}},"35":{"start":{"line":123,"column":17},"end":{"line":123,"column":69}},"36":{"start":{"line":124,"column":4},"end":{"line":126,"column":5}},"37":{"start":{"line":125,"column":6},"end":{"line":125,"column":65}},"38":{"start":{"line":127,"column":4},"end":{"line":127,"column":19}},"39":{"start":{"line":129,"column":4},"end":{"line":129,"column":54}}},"fnMap":{"0":{"name":"(anonymous_0)","decl":{"start":{"line":10,"column":25},"end":{"line":10,"column":26}},"loc":{"start":{"line":10,"column":45},"end":{"line":49,"column":1}},"line":10},"1":{"name":"(anonymous_1)","decl":{"start":{"line":52,"column":22},"end":{"line":52,"column":23}},"loc":{"start":{"line":52,"column":42},"end":{"line":118,"column":1}},"line":52},"2":{"name":"(anonymous_2)","decl":{"start":{"line":121,"column":24},"end":{"line":121,"column":25}},"loc":{"start":{"line":121,"column":44},"end":{"line":131,"column":1}},"line":121}},"branchMap":{"0":{"loc":{"start":{"line":16,"column":4},"end":{"line":18,"column":5}},"type":"if","locations":[{"start":{"line":16,"column":4},"end":{"line":18,"column":5}},{"start":{},"end":{}}],"line":16},"1":{"loc":{"start":{"line":33,"column":6},"end":{"line":33,"column":54}},"type":"binary-expr","locations":[{"start":{"line":33,"column":6},"end":{"line":33,"column":28}},{"start":{"line":33,"column":32},"end":{"line":33,"column":54}}],"line":33},"2":{"loc":{"start":{"line":57,"column":4},"end":{"line":85,"column":5}},"type":"if","locations":[{"start":{"line":57,"column":4},"end":{"line":85,"column":5}},{"start":{},"end":{}}],"line":57},"3":{"loc":{"start":{"line":57,"column":8},"end":{"line":57,"column":64}},"type":"binary-expr","locations":[{"start":{"line":57,"column":8},"end":{"line":57,"column":38}},{"start":{"line":57,"column":42},"end":{"line":57,"column":64}}],"line":57},"4":{"loc":{"start":{"line":61,"column":6},"end":{"line":68,"column":7}},"type":"if","locations":[{"start":{"line":61,"column":6},"end":{"line":68,"column":7}},{"start":{},"end":{}}],"line":61},"5":{"loc":{"start":{"line":73,"column":8},"end":{"line":73,"column":56}},"type":"binary-expr","locations":[{"start":{"line":73,"column":8},"end":{"line":73,"column":30}},{"start":{"line":73,"column":34},"end":{"line":73,"column":56}}],"line":73},"6":{"loc":{"start":{"line":89,"column":4},"end":{"line":91,"column":5}},"type":"if","locations":[{"start":{"line":89,"column":4},"end":{"line":91,"column":5}},{"start":{},"end":{}}],"line":89},"7":{"loc":{"start":{"line":95,"column":4},"end":{"line":97,"column":5}},"type":"if","locations":[{"start":{"line":95,"column":4},"end":{"line":97,"column":5}},{"start":{},"end":{}}],"line":95},"8":{"loc":{"start":{"line":102,"column":6},"end":{"line":102,"column":54}},"type":"binary-expr","locations":[{"start":{"line":102,"column":6},"end":{"line":102,"column":28}},{"start":{"line":102,"column":32},"end":{"line":102,"column":54}}],"line":102},"9":{"loc":{"start":{"line":124,"column":4},"end":{"line":126,"column":5}},"type":"if","locations":[{"start":{"line":124,"column":4},"end":{"line":126,"column":5}},{"start":{},"end":{}}],"line":124}},"s":{"0":1,"1":1,"2":3,"3":3,"4":3,"5":3,"6":1,"7":2,"8":2,"9":1,"10":1,"11":1,"12":1,"13":1,"14":4,"15":4,"16":4,"17":1,"18":1,"19":1,"20":1,"21":1,"22":1,"23":3,"24":3,"25":1,"26":2,"27":2,"28":1,"29":1,"30":1,"31":0,"32":0,"33":1,"34":1,"35":1,"36":1,"37":0,"38":1,"39":0},"f":{"0":3,"1":4,"2":1},"b":{"0":[1,2],"1":[1,0],"2":[1,3],"3":[4,1],"4":[1,0],"5":[1,0],"6":[1,2],"7":[1,1],"8":[1,0],"9":[0,1]},"inputSourceMap":null,"_coverageSchema":"1a1c01bbd47fc00a2c39e90264f33305004495a9","hash":"ddfa60d542af88588ad33a11ad2466c64742c8bb"}
,"/home/apoorv/Documents/Voice_Hire/server/routes/interviews.js": {"path":"/home/apoorv/Documents/Voice_Hire/server/routes/interviews.js","statementMap":{"0":{"start":{"line":13,"column":15},"end":{"line":13,"column":31}},"1":{"start":{"line":16,"column":23},"end":{"line":32,"column":1}},"2":{"start":{"line":17,"column":2},"end":{"line":31,"column":3}},"3":{"start":{"line":19,"column":18},"end":{"line":19,"column":58}},"4":{"start":{"line":21,"column":4},"end":{"line":23,"column":5}},"5":{"start":{"line":22,"column":6},"end":{"line":22,"column":81}},"6":{"start":{"line":26,"column":20},"end":{"line":26,"column":87}},"7":{"start":{"line":27,"column":4},"end":{"line":27,"column":34}},"8":{"start":{"line":28,"column":4},"end":{"line":28,"column":11}},"9":{"start":{"line":30,"column":4},"end":{"line":30,"column":60}},"10":{"start":{"line":35,"column":0},"end":{"line":35,"column":37}},"11":{"start":{"line":38,"column":0},"end":{"line":38,"column":39}},"12":{"start":{"line":41,"column":0},"end":{"line":41,"column":40}},"13":{"start":{"line":44,"column":0},"end":{"line":44,"column":42}},"14":{"start":{"line":47,"column":0},"end":{"line":47,"column":48}},"15":{"start":{"line":50,"column":0},"end":{"line":50,"column":45}},"16":{"start":{"line":52,"column":0},"end":{"line":52,"column":47}},"17":{"start":{"line":54,"column":0},"end":{"line":54,"column":46}}},"fnMap":{"0":{"name":"(anonymous_0)","decl":{"start":{"line":16,"column":23},"end":{"line":16,"column":24}},"loc":{"start":{"line":16,"column":43},"end":{"line":32,"column":1}},"line":16}},"branchMap":{"0":{"loc":{"start":{"line":21,"column":4},"end":{"line":23,"column":5}},"type":"if","locations":[{"start":{"line":21,"column":4},"end":{"line":23,"column":5}},{"start":{},"end":{}}],"line":21},"1":{"loc":{"start":{"line":26,"column":38},"end":{"line":26,"column":86}},"type":"binary-expr","locations":[{"start":{"line":26,"column":38},"end":{"line":26,"column":60}},{"start":{"line":26,"column":64},"end":{"line":26,"column":86}}],"line":26}},"s":{"0":1,"1":1,"2":0,"3":0,"4":0,"5":0,"6":0,"7":0,"8":0,"9":0,"10":1,"11":1,"12":1,"13":1,"14":1,"15":1,"16":1,"17":1},"f":{"0":0},"b":{"0":[0,0],"1":[0,0]},"inputSourceMap":null,"_coverageSchema":"1a1c01bbd47fc00a2c39e90264f33305004495a9","hash":"b1aec9894b94263bc6fbc0e7071ec3b5af451dea"}
,"/home/apoorv/Documents/Voice_Hire/server/tests/setup.js": {"path":"/home/apoorv/Documents/Voice_Hire/server/tests/setup.js","statementMap":{"0":{"start":{"line":5,"column":0},"end":{"line":5,"column":16}},"1":{"start":{"line":10,"column":23},"end":{"line":20,"column":1}},"2":{"start":{"line":11,"column":2},"end":{"line":11,"column":49}},"3":{"start":{"line":12,"column":14},"end":{"line":12,"column":34}},"4":{"start":{"line":14,"column":23},"end":{"line":17,"column":3}},"5":{"start":{"line":19,"column":2},"end":{"line":19,"column":44}},"6":{"start":{"line":23,"column":26},"end":{"line":27,"column":1}},"7":{"start":{"line":24,"column":2},"end":{"line":24,"column":43}},"8":{"start":{"line":25,"column":2},"end":{"line":25,"column":36}},"9":{"start":{"line":26,"column":2},"end":{"line":26,"column":27}},"10":{"start":{"line":30,"column":23},"end":{"line":37,"column":1}},"11":{"start":{"line":31,"column":22},"end":{"line":31,"column":53}},"12":{"start":{"line":33,"column":2},"end":{"line":36,"column":3}},"13":{"start":{"line":34,"column":23},"end":{"line":34,"column":39}},"14":{"start":{"line":35,"column":4},"end":{"line":35,"column":36}}},"fnMap":{"0":{"name":"(anonymous_0)","decl":{"start":{"line":10,"column":23},"end":{"line":10,"column":24}},"loc":{"start":{"line":10,"column":35},"end":{"line":20,"column":1}},"line":10},"1":{"name":"(anonymous_1)","decl":{"start":{"line":23,"column":26},"end":{"line":23,"column":27}},"loc":{"start":{"line":23,"column":38},"end":{"line":27,"column":1}},"line":23},"2":{"name":"(anonymous_2)","decl":{"start":{"line":30,"column":23},"end":{"line":30,"column":24}},"loc":{"start":{"line":30,"column":35},"end":{"line":37,"column":1}},"line":30}},"branchMap":{},"s":{"0":3,"1":3,"2":3,"3":3,"4":3,"5":3,"6":3,"7":3,"8":3,"9":3,"10":3,"11":33,"12":33,"13":56,"14":56},"f":{"0":3,"1":3,"2":33},"b":{},"inputSourceMap":null,"_coverageSchema":"1a1c01bbd47fc00a2c39e90264f33305004495a9","hash":"46136fd7838c794aeb0d4e1c0420f3570d3d7c81"}
}
