TN:
SF:aiAgent.js
FN:11,createAccessToken
FNF:1
FNH:1
FNDA:3,createAccessToken
DA:4,2
DA:5,2
DA:13,3
DA:14,3
DA:15,3
DA:17,3
DA:21,3
DA:23,3
DA:24,3
DA:25,3
DA:29,3
LF:11
LH:11
BRF:0
BRH:0
end_of_record
TN:
SF:config/db.js
FN:3,(anonymous_0)
FNF:1
FNH:1
FNDA:1,(anonymous_0)
DA:3,1
DA:4,1
DA:6,1
DA:8,1
DA:9,0
DA:12,1
DA:13,1
DA:14,1
DA:16,0
DA:17,0
LF:10
LH:7
BRDA:6,0,0,1
BRDA:6,0,1,1
BRDA:8,1,0,0
BRDA:8,1,1,1
BRF:4
BRH:3
end_of_record
TN:
SF:controllers/interviewController.js
FN:4,(anonymous_0)
FN:15,(anonymous_1)
FN:33,(anonymous_2)
FN:53,(anonymous_3)
FN:81,(anonymous_4)
FN:106,(anonymous_5)
FNF:6
FNH:6
FNDA:1,(anonymous_0)
FNDA:3,(anonymous_1)
FNDA:2,(anonymous_2)
FNDA:2,(anonymous_3)
FNDA:2,(anonymous_4)
FNDA:3,(anonymous_5)
DA:4,1
DA:5,1
DA:6,1
DA:8,1
DA:10,0
DA:15,1
DA:16,3
DA:17,3
DA:22,3
DA:23,2
DA:26,1
DA:28,0
DA:33,1
DA:34,2
DA:35,2
DA:37,2
DA:45,2
DA:46,1
DA:48,1
DA:53,1
DA:54,2
DA:55,2
DA:57,2
DA:62,2
DA:63,1
DA:67,1
DA:68,1
DA:69,1
DA:70,1
DA:71,1
DA:73,1
DA:74,1
DA:76,0
DA:81,1
DA:82,2
DA:83,2
DA:85,2
DA:86,1
DA:89,1
DA:95,1
DA:96,0
DA:99,1
DA:101,0
DA:106,1
DA:107,3
DA:108,3
DA:113,3
DA:114,2
DA:117,1
DA:119,0
LF:50
LH:44
BRDA:22,0,0,2
BRDA:22,0,1,1
BRDA:62,1,0,1
BRDA:62,1,1,1
BRDA:67,2,0,1
BRDA:67,2,1,0
BRDA:68,3,0,0
BRDA:68,3,1,1
BRDA:69,4,0,1
BRDA:69,4,1,0
BRDA:70,5,0,0
BRDA:70,5,1,1
BRDA:71,6,0,0
BRDA:71,6,1,1
BRDA:85,7,0,1
BRDA:85,7,1,1
BRDA:95,8,0,0
BRDA:95,8,1,1
BRDA:113,9,0,2
BRDA:113,9,1,1
BRF:20
BRH:14
end_of_record
TN:
SF:middleware/auth.js
FN:3,(anonymous_0)
FNF:1
FNH:1
FNDA:19,(anonymous_0)
DA:3,3
DA:4,19
DA:6,19
DA:8,19
DA:9,4
DA:13,15
DA:16,14
DA:17,14
DA:19,1
LF:9
LH:9
BRDA:8,0,0,4
BRDA:8,0,1,15
BRDA:13,1,0,15
BRDA:13,1,1,0
BRF:4
BRH:3
end_of_record
TN:
SF:models/Interview.js
FNF:0
FNH:0
DA:3,2
DA:44,2
LF:2
LH:2
BRF:0
BRH:0
end_of_record
TN:
SF:models/User.js
FN:29,(anonymous_0)
FN:42,(anonymous_1)
FNF:2
FNH:2
FNDA:31,(anonymous_0)
FNDA:4,(anonymous_1)
DA:4,3
DA:29,3
DA:30,31
DA:32,31
DA:33,31
DA:34,31
DA:35,31
DA:37,0
DA:42,3
DA:43,4
DA:46,3
LF:11
LH:10
BRDA:30,0,0,0
BRDA:30,0,1,31
BRF:2
BRH:1
end_of_record
TN:
SF:routes/auth.js
FN:10,(anonymous_0)
FN:52,(anonymous_1)
FN:121,(anonymous_2)
FNF:3
FNH:3
FNDA:3,(anonymous_0)
FNDA:4,(anonymous_1)
FNDA:1,(anonymous_2)
DA:7,1
DA:10,1
DA:11,3
DA:12,3
DA:15,3
DA:16,3
DA:17,1
DA:21,2
DA:28,2
DA:31,1
DA:37,1
DA:46,1
DA:47,1
DA:52,1
DA:53,4
DA:54,4
DA:57,4
DA:59,1
DA:61,1
DA:62,1
DA:67,1
DA:71,1
DA:77,1
DA:88,3
DA:89,3
DA:90,1
DA:94,2
DA:95,2
DA:96,1
DA:100,1
DA:106,1
DA:115,0
DA:116,0
DA:121,1
DA:122,1
DA:123,1
DA:124,1
DA:125,0
DA:127,1
DA:129,0
LF:40
LH:36
BRDA:16,0,0,1
BRDA:16,0,1,2
BRDA:33,1,0,1
BRDA:33,1,1,0
BRDA:57,2,0,1
BRDA:57,2,1,3
BRDA:57,3,0,4
BRDA:57,3,1,1
BRDA:61,4,0,1
BRDA:61,4,1,0
BRDA:73,5,0,1
BRDA:73,5,1,0
BRDA:89,6,0,1
BRDA:89,6,1,2
BRDA:95,7,0,1
BRDA:95,7,1,1
BRDA:102,8,0,1
BRDA:102,8,1,0
BRDA:124,9,0,0
BRDA:124,9,1,1
BRF:20
BRH:15
end_of_record
TN:
SF:routes/interviews.js
FN:16,(anonymous_0)
FNF:1
FNH:0
FNDA:0,(anonymous_0)
DA:13,1
DA:16,1
DA:17,0
DA:19,0
DA:21,0
DA:22,0
DA:26,0
DA:27,0
DA:28,0
DA:30,0
DA:35,1
DA:38,1
DA:41,1
DA:44,1
DA:47,1
DA:50,1
DA:52,1
DA:54,1
LF:18
LH:10
BRDA:21,0,0,0
BRDA:21,0,1,0
BRDA:26,1,0,0
BRDA:26,1,1,0
BRF:4
BRH:0
end_of_record
TN:
SF:tests/setup.js
FN:10,(anonymous_0)
FN:23,(anonymous_1)
FN:30,(anonymous_2)
FNF:3
FNH:3
FNDA:3,(anonymous_0)
FNDA:3,(anonymous_1)
FNDA:33,(anonymous_2)
DA:5,3
DA:10,3
DA:11,3
DA:12,3
DA:14,3
DA:19,3
DA:23,3
DA:24,3
DA:25,3
DA:26,3
DA:30,3
DA:31,33
DA:33,33
DA:34,56
DA:35,56
LF:15
LH:15
BRF:0
BRH:0
end_of_record
